2022/12/04 22:41:06 {"callers":["C:/Users/jack_chung/Code/Golang/blog-service/main.go: 26 main.init.0"],"level":"info","message":"eddycjy: go-programming-tour-book/blog-service","time":1670164866661157200}
2022/12/05 12:02:10 {"callers":["C:/Users/jack_chung/Code/Golang/blog-service/main.go: 26 main.init.0"],"level":"info","message":"eddycjy: go-programming-tour-book/blog-service","time":1670212930494234300}
2022/12/05 12:06:13 {"callers":["C:/Users/jack_chung/Code/Golang/blog-service/main.go: 26 main.init.0"],"level":"info","message":"eddycjy: go-programming-tour-book/blog-service","time":1670213173840484000}
2022/12/05 12:19:39 {"callers":["C:/Users/jack_chung/Code/Golang/blog-service/main.go: 26 main.init.0"],"level":"info","message":"eddycjy: go-programming-tour-book/blog-service","time":1670213979246526000}
2022/12/06 09:39:19 {"callers":["C:/Users/jack_chung/Code/Golang/blog-service/main.go: 26 main.init.0"],"level":"info","message":"eddycjy: go-programming-tour-book/blog-service","time":1670290759651675000}
2022/12/06 09:41:01 {"callers":["C:/Users/jack_chung/Code/Golang/blog-service/main.go: 38 main.init.0"],"level":"info","message":"eddycjy: go-programming-tour-book/blog-service","time":1670290861654185800}
2022/12/07 09:22:07 {"callers":["C:/Users/jack_chung/Code/Golang/blog-service/main.go: 29 main.init.0"],"level":"info","message":"eddycjy: go-programming-tour-book/blog-service","time":1670376127109615400}
2022/12/07 16:34:50 {"callers":["C:/Users/jack_chung/Code/Golang/blog-service/main.go: 29 main.init.0"],"level":"info","message":"eddycjy: go-programming-tour-book/blog-service","time":1670402090671467100}
2022/12/07 16:37:16 {"callers":["C:/Users/jack_chung/Code/Golang/blog-service/main.go: 29 main.init.0"],"level":"info","message":"eddycjy: go-programming-tour-book/blog-service","time":1670402236334620600}
2022/12/07 16:43:26 {"callers":["C:/Users/jack_chung/Code/Golang/blog-service/main.go: 29 main.init.0"],"level":"info","message":"eddycjy: go-programming-tour-book/blog-service","time":1670402606913406200}
2022/12/07 16:49:02 {"callers":["C:/Users/jack_chung/Code/Golang/blog-service/main.go: 29 main.init.0"],"level":"info","message":"eddycjy: go-programming-tour-book/blog-service","time":1670402942286587000}
2022/12/11 20:37:32 {"callers":["C:/Users/jack_chung/Code/Golang/blog-service/main.go: 29 main.init.0"],"level":"info","message":"eddycjy: go-programming-tour-book/blog-service","time":1670762252580338400}
2022/12/11 20:38:21 {"callers":["C:/Users/jack_chung/Code/Golang/blog-service/main.go: 29 main.init.0"],"level":"error","message":"app.BindAndValid errs: [State必须是[01]中的一个]","time":1670762301949734100}
2022/12/11 20:41:10 {"callers":["C:/Users/jack_chung/Code/Golang/blog-service/main.go: 29 main.init.0"],"level":"info","message":"eddycjy: go-programming-tour-book/blog-service","time":1670762470016368800}
2022/12/11 20:41:16 {"callers":["C:/Users/jack_chung/Code/Golang/blog-service/main.go: 29 main.init.0"],"level":"error","message":"app.BindAndValid errs: [State必須是[01]中的一個]","time":1670762476352252500}
2022/12/26 14:31:16 {"callers":["C:/Users/jack_chung/Code/Golang/blog-service/main.go: 29 main.init.0"],"level":"info","message":"eddycjy: go-programming-tour-book/blog-service","time":1672036276511907100}
2022/12/26 14:38:31 {"callers":["C:/Users/jack_chung/Code/Golang/blog-service/main.go: 29 main.init.0"],"level":"info","message":"eddycjy: go-programming-tour-book/blog-service","time":1672036711186383200}
2022/12/26 14:38:33 {"callers":["C:/Users/jack_chung/Code/Golang/blog-service/main.go: 29 main.init.0"],"level":"error","message":"app.BindAndValid errs: [State必須是[01]中的一個]","time":1672036713767208200}
2022/12/26 14:39:53 {"callers":["C:/Users/jack_chung/Code/Golang/blog-service/main.go: 29 main.init.0"],"level":"info","message":"eddycjy: go-programming-tour-book/blog-service","time":1672036793443047600}
2022/12/26 14:44:54 {"callers":["C:/Users/jack_chung/Code/Golang/blog-service/main.go: 29 main.init.0"],"level":"info","message":"eddycjy: go-programming-tour-book/blog-service","time":1672037094339046600}
2022/12/26 14:44:59 {"callers":["C:/Users/jack_chung/Code/Golang/blog-service/main.go: 29 main.init.0"],"level":"error","message":"app.BindAndValid errs: [State必須是[01]中的一個]","time":1672037099979764900}
2022/12/26 14:46:37 {"callers":["C:/Users/jack_chung/Code/Golang/blog-service/main.go: 29 main.init.0"],"level":"error","message":"app.BindAndValid errs: [State必須是[01]中的一個]","time":1672037197676316200}
2022/12/26 15:00:20 {"callers":["C:/Users/jack_chung/Code/Golang/blog-service/main.go: 29 main.init.0"],"level":"info","message":"eddycjy: go-programming-tour-book/blog-service","time":1672038020676982700}
2022/12/26 15:00:44 {"callers":["C:/Users/jack_chung/Code/Golang/blog-service/main.go: 29 main.init.0"],"level":"info","message":"eddycjy: go-programming-tour-book/blog-service","time":1672038044855901600}
2022/12/26 15:00:47 {"callers":["C:/Users/jack_chung/Code/Golang/blog-service/main.go: 29 main.init.0"],"level":"error","message":"app.BindAndValid errs: [State必須是[01]中的一個]","time":1672038047895038200}
2022/12/26 15:00:50 {"callers":["C:/Users/jack_chung/Code/Golang/blog-service/main.go: 29 main.init.0"],"level":"error","message":"app.BindAndValid errs: [State必須是[01]中的一個]","time":1672038050192869900}
2022/12/26 15:03:04 {"callers":["C:/Users/jack_chung/Code/Golang/blog-service/main.go: 29 main.init.0"],"level":"info","message":"eddycjy: go-programming-tour-book/blog-service","time":1672038184886708800}
2022/12/26 15:03:08 {"callers":["C:/Users/jack_chung/Code/Golang/blog-service/main.go: 29 main.init.0"],"level":"error","message":"app.BindAndValid errs: [State必須是[01]中的一個]","time":1672038188136364300}
2022/12/26 15:05:15 {"callers":["C:/Users/jack_chung/Code/Golang/blog-service/main.go: 29 main.init.0"],"level":"info","message":"eddycjy: go-programming-tour-book/blog-service","time":1672038315620946000}
2022/12/26 15:06:20 {"callers":["C:/Users/jack_chung/Code/Golang/blog-service/main.go: 29 main.init.0"],"level":"error","message":"app.BindAndValid errs: [State必須是[01]中的一個]","time":1672038380995966400}
2022/12/26 15:08:40 {"callers":["C:/Users/jack_chung/Code/Golang/blog-service/main.go: 29 main.init.0"],"level":"info","message":"eddycjy: go-programming-tour-book/blog-service","time":1672038520815251500}
2022/12/26 15:08:46 {"callers":["C:/Users/jack_chung/Code/Golang/blog-service/main.go: 29 main.init.0"],"level":"error","message":"app.BindAndValid errs: [State必須是[01]中的一個]","time":1672038526391195500}
2022/12/26 15:09:53 {"callers":["C:/Users/jack_chung/Code/Golang/blog-service/main.go: 29 main.init.0"],"level":"info","message":"eddycjy: go-programming-tour-book/blog-service","time":1672038593643896400}
2022/12/26 15:10:21 {"callers":["C:/Users/jack_chung/Code/Golang/blog-service/main.go: 29 main.init.0"],"level":"error","message":"app.BindAndValid errs: [State必須是[0 1]中的一個]","time":1672038621287750200}
2022/12/26 15:28:26 {"callers":["C:/Users/jack_chung/Code/Golang/blog-service/main.go: 29 main.init.0"],"level":"info","message":"eddycjy: go-programming-tour-book/blog-service","time":1672039706982851700}
2022/12/26 15:28:37 {"callers":["C:/Users/jack_chung/Code/Golang/blog-service/main.go: 29 main.init.0"],"level":"error","message":"svc.CountTag err: ERROR: relation \"blog_tag\" does not exist (SQLSTATE 42P01)","time":1672039717329852300}
2022/12/26 15:28:37 {"callers":["C:/Users/jack_chung/Code/Golang/blog-service/main.go: 29 main.init.0"],"level":"error","message":"svc.GetTagList err: ERROR: relation \"blog_tag\" does not exist (SQLSTATE 42P01)","time":1672039717331939400}
2022/12/26 15:35:44 {"callers":["C:/Users/jack_chung/Code/Golang/blog-service/main.go: 29 main.init.0"],"level":"info","message":"eddycjy: go-programming-tour-book/blog-service","time":1672040144958400000}
2022/12/26 15:37:33 {"callers":["C:/Users/jack_chung/Code/Golang/blog-service/main.go: 29 main.init.0"],"level":"error","message":"svc.CountTag err: ERROR: relation \"blog_tag\" does not exist (SQLSTATE 42P01)","time":1672040253108876300}
2022/12/26 15:40:52 {"callers":["C:/Users/jack_chung/Code/Golang/blog-service/main.go: 29 main.init.0"],"level":"info","message":"eddycjy: go-programming-tour-book/blog-service","time":1672040452380128600}
2022/12/26 15:40:57 {"callers":["C:/Users/jack_chung/Code/Golang/blog-service/main.go: 29 main.init.0"],"level":"error","message":"svc.CountTag err: ERROR: relation \"blog_tag\" does not exist (SQLSTATE 42P01)","time":1672040457148940900}
2022/12/26 15:53:51 {"callers":["C:/Users/jack_chung/Code/Golang/blog-service/main.go: 29 main.init.0"],"level":"info","message":"eddycjy: go-programming-tour-book/blog-service","time":1672041231262241200}
2022/12/26 15:53:53 {"callers":["C:/Users/jack_chung/Code/Golang/blog-service/main.go: 29 main.init.0"],"level":"error","message":"svc.CountTag err: ERROR: relation \"blog_tag\" does not exist (SQLSTATE 42P01)","time":1672041233371519400}
2022/12/26 15:54:32 {"callers":["C:/Users/jack_chung/Code/Golang/blog-service/main.go: 29 main.init.0"],"level":"error","message":"svc.CountTag err: ERROR: relation \"blog_tag\" does not exist (SQLSTATE 42P01)","time":1672041272737017400}
2022/12/26 15:59:25 {"callers":["C:/Users/jack_chung/Code/Golang/blog-service/main.go: 29 main.init.0"],"level":"error","message":"svc.CountTag err: ERROR: relation \"blog_tag\" does not exist (SQLSTATE 42P01)","time":1672041565324990100}
2022/12/26 16:05:54 {"callers":["C:/Users/jack_chung/Code/Golang/blog-service/main.go: 29 main.init.0"],"level":"info","message":"eddycjy: go-programming-tour-book/blog-service","time":1672041954417339400}
2022/12/26 16:09:54 {"callers":["C:/Users/jack_chung/Code/Golang/blog-service/main.go: 29 main.init.0"],"level":"info","message":"eddycjy: go-programming-tour-book/blog-service","time":1672042194254414600}
2022/12/26 16:10:28 {"callers":["C:/Users/jack_chung/Code/Golang/blog-service/main.go: 29 main.init.0"],"level":"error","message":"svc.CountTag err: cannot convert 0 to Bool","time":1672042228762442000}
2022/12/26 16:11:02 {"callers":["C:/Users/jack_chung/Code/Golang/blog-service/main.go: 29 main.init.0"],"level":"error","message":"svc.CountTag err: cannot convert 0 to Bool","time":1672042262879431800}
2022/12/26 16:11:54 {"callers":["C:/Users/jack_chung/Code/Golang/blog-service/main.go: 29 main.init.0"],"level":"info","message":"eddycjy: go-programming-tour-book/blog-service","time":1672042314784889900}
2022/12/26 16:14:53 {"callers":["C:/Users/jack_chung/Code/Golang/blog-service/main.go: 29 main.init.0"],"level":"info","message":"eddycjy: go-programming-tour-book/blog-service","time":1672042493722650700}
2022/12/26 16:14:58 {"callers":["C:/Users/jack_chung/Code/Golang/blog-service/main.go: 29 main.init.0"],"level":"error","message":"app.BindAndValid errs: [Name長度必須至少為3個字元]","time":1672042498695141000}
2022/12/26 16:15:52 {"callers":["C:/Users/jack_chung/Code/Golang/blog-service/main.go: 29 main.init.0"],"level":"info","message":"eddycjy: go-programming-tour-book/blog-service","time":1672042552518685300}
2022/12/26 16:18:49 {"callers":["C:/Users/jack_chung/Code/Golang/blog-service/main.go: 29 main.init.0"],"level":"error","message":"app.BindAndValid errs: [Name為必填欄位 CreatedBy為必填欄位]","time":1672042729303238300}
2022/12/26 16:24:38 {"callers":["C:/Users/jack_chung/Code/Golang/blog-service/main.go: 29 main.init.0"],"level":"error","message":"app.BindAndValid errs: [CreatedBy為必填欄位]","time":1672043078967188500}
2022/12/26 16:25:40 {"callers":["C:/Users/jack_chung/Code/Golang/blog-service/main.go: 29 main.init.0"],"level":"error","message":"app.BindAndValid errs: [Name為必填欄位 CreatedBy為必填欄位]","time":1672043140991806300}
2022/12/26 16:28:42 {"callers":["C:/Users/jack_chung/Code/Golang/blog-service/main.go: 29 main.init.0"],"level":"info","message":"eddycjy: go-programming-tour-book/blog-service","time":1672043322769283000}
2022/12/26 16:29:45 {"callers":["C:/Users/jack_chung/Code/Golang/blog-service/main.go: 29 main.init.0"],"level":"info","message":"eddycjy: go-programming-tour-book/blog-service","time":1672043385587931500}
2022/12/27 10:01:24 {"callers":["C:/Users/jack_chung/Code/Golang/blog-service/main.go: 29 main.init.0"],"level":"info","message":"eddycjy: go-programming-tour-book/blog-service","time":1672106484556278600}
2022/12/27 10:04:30 {"callers":["C:/Users/jack_chung/Code/Golang/blog-service/main.go: 29 main.init.0"],"level":"error","message":"app.BindAndValid errs: [ID為必填欄位]","time":1672106670780537100}
2022/12/27 10:08:40 {"callers":["C:/Users/jack_chung/Code/Golang/blog-service/main.go: 29 main.init.0"],"level":"error","message":"app.BindAndValid errs: [ID為必填欄位]","time":1672106920374542400}
2022/12/27 10:08:52 {"callers":["C:/Users/jack_chung/Code/Golang/blog-service/main.go: 29 main.init.0"],"level":"error","message":"app.BindAndValid errs: [ID為必填欄位]","time":1672106932896051600}
2022/12/27 10:10:11 {"callers":["C:/Users/jack_chung/Code/Golang/blog-service/main.go: 29 main.init.0"],"level":"info","message":"eddycjy: go-programming-tour-book/blog-service","time":1672107011374893500}
2022/12/27 10:10:43 {"callers":["C:/Users/jack_chung/Code/Golang/blog-service/main.go: 29 main.init.0"],"level":"error","message":"app.BindAndValid errs: [ID為必填欄位]","time":1672107043138717600}
2022/12/27 10:18:39 {"callers":["C:/Users/jack_chung/Code/Golang/blog-service/main.go: 29 main.init.0"],"level":"info","message":"eddycjy: go-programming-tour-book/blog-service","time":1672107519086303700}
2022/12/27 10:20:42 {"callers":["C:/Users/jack_chung/Code/Golang/blog-service/main.go: 29 main.init.0"],"level":"info","message":"eddycjy: go-programming-tour-book/blog-service","time":1672107642448329100}
2022/12/27 10:23:21 {"callers":["C:/Users/jack_chung/Code/Golang/blog-service/main.go: 29 main.init.0"],"level":"info","message":"eddycjy: go-programming-tour-book/blog-service","time":1672107801377841700}
2022/12/27 10:27:29 {"callers":["C:/Users/jack_chung/Code/Golang/blog-service/main.go: 29 main.init.0"],"level":"info","message":"eddycjy: go-programming-tour-book/blog-service","time":1672108049423055700}
2022/12/27 10:29:09 {"callers":["C:/Users/jack_chung/Code/Golang/blog-service/main.go: 29 main.init.0"],"level":"info","message":"eddycjy: go-programming-tour-book/blog-service","time":1672108149889928800}
2022/12/27 10:30:15 {"callers":["C:/Users/jack_chung/Code/Golang/blog-service/main.go: 29 main.init.0"],"level":"info","message":"eddycjy: go-programming-tour-book/blog-service","time":1672108215888346200}
2022/12/27 10:38:32 {"callers":["C:/Users/jack_chung/Code/Golang/blog-service/main.go: 29 main.init.0"],"level":"info","message":"eddycjy: go-programming-tour-book/blog-service","time":1672108712090520400}
2022/12/27 10:47:34 {"callers":["C:/Users/jack_chung/Code/Golang/blog-service/main.go: 29 main.init.0"],"level":"info","message":"eddycjy: go-programming-tour-book/blog-service","time":1672109254646707300}
2022/12/27 10:53:14 {"callers":["C:/Users/jack_chung/Code/Golang/blog-service/main.go: 29 main.init.0"],"level":"info","message":"eddycjy: go-programming-tour-book/blog-service","time":1672109594115835800}
2022/12/27 10:54:33 {"callers":["C:/Users/jack_chung/Code/Golang/blog-service/main.go: 29 main.init.0"],"level":"info","message":"eddycjy: go-programming-tour-book/blog-service","time":1672109673804759100}
2022/12/27 10:55:53 {"callers":["C:/Users/jack_chung/Code/Golang/blog-service/main.go: 29 main.init.0"],"level":"info","message":"eddycjy: go-programming-tour-book/blog-service","time":1672109753736159900}
2022/12/27 11:12:24 {"callers":["C:/Users/jack_chung/Code/Golang/blog-service/main.go: 29 main.init.0"],"level":"info","message":"eddycjy: go-programming-tour-book/blog-service","time":1672110744349067000}
2022/12/27 11:12:27 {"callers":["C:/Users/jack_chung/Code/Golang/blog-service/main.go: 29 main.init.0"],"level":"error","message":"svc.UpdateTag err: ERROR: syntax error at end of input (SQLSTATE 42601)","time":1672110747756978400}
2022/12/27 11:12:43 {"callers":["C:/Users/jack_chung/Code/Golang/blog-service/main.go: 29 main.init.0"],"level":"error","message":"svc.UpdateTag err: ERROR: syntax error at end of input (SQLSTATE 42601)","time":1672110763469293800}
2022/12/27 11:14:34 {"callers":["C:/Users/jack_chung/Code/Golang/blog-service/main.go: 29 main.init.0"],"level":"info","message":"eddycjy: go-programming-tour-book/blog-service","time":1672110874345452100}
2022/12/27 11:14:36 {"callers":["C:/Users/jack_chung/Code/Golang/blog-service/main.go: 29 main.init.0"],"level":"error","message":"svc.UpdateTag err: cannot convert 0 to Bool","time":1672110876238255700}
2022/12/27 11:15:20 {"callers":["C:/Users/jack_chung/Code/Golang/blog-service/main.go: 29 main.init.0"],"level":"info","message":"eddycjy: go-programming-tour-book/blog-service","time":1672110920368115900}
2022/12/27 11:15:22 {"callers":["C:/Users/jack_chung/Code/Golang/blog-service/main.go: 29 main.init.0"],"level":"error","message":"app.BindAndValid errs: []","time":1672110922384589900}
2022/12/27 11:15:51 {"callers":["C:/Users/jack_chung/Code/Golang/blog-service/main.go: 29 main.init.0"],"level":"info","message":"eddycjy: go-programming-tour-book/blog-service","time":1672110951741658500}
2022/12/27 11:15:55 {"callers":["C:/Users/jack_chung/Code/Golang/blog-service/main.go: 29 main.init.0"],"level":"error","message":"app.BindAndValid errs: []","time":1672110955519936600}
2022/12/27 11:16:47 {"callers":["C:/Users/jack_chung/Code/Golang/blog-service/main.go: 29 main.init.0"],"level":"info","message":"eddycjy: go-programming-tour-book/blog-service","time":1672111007657454900}
2022/12/27 11:16:50 {"callers":["C:/Users/jack_chung/Code/Golang/blog-service/main.go: 29 main.init.0"],"level":"error","message":"app.BindAndValid errs: []","time":1672111010691259800}
2022/12/27 11:21:11 {"callers":["C:/Users/jack_chung/Code/Golang/blog-service/main.go: 29 main.init.0"],"level":"info","message":"eddycjy: go-programming-tour-book/blog-service","time":1672111271263720900}
2022/12/27 11:21:19 {"callers":["C:/Users/jack_chung/Code/Golang/blog-service/main.go: 29 main.init.0"],"level":"error","message":"svc.UpdateTag err: ERROR: syntax error at or near \")\" (SQLSTATE 42601)","time":1672111279203887500}
2022/12/27 11:22:03 {"callers":["C:/Users/jack_chung/Code/Golang/blog-service/main.go: 29 main.init.0"],"level":"error","message":"svc.CountTag err: cannot convert 0 to Bool","time":1672111323277071300}
2022/12/27 11:27:40 {"callers":["C:/Users/jack_chung/Code/Golang/blog-service/main.go: 29 main.init.0"],"level":"info","message":"eddycjy: go-programming-tour-book/blog-service","time":1672111660162299600}
2022/12/27 11:28:45 {"callers":["C:/Users/jack_chung/Code/Golang/blog-service/main.go: 29 main.init.0"],"level":"error","message":"svc.UpdateTag err: ERROR: syntax error at or near \")\" (SQLSTATE 42601)","time":1672111725555197000}
2022/12/27 11:28:49 {"callers":["C:/Users/jack_chung/Code/Golang/blog-service/main.go: 29 main.init.0"],"level":"error","message":"svc.UpdateTag err: ERROR: syntax error at or near \")\" (SQLSTATE 42601)","time":1672111729862231700}
2022/12/27 11:32:19 {"callers":["C:/Users/jack_chung/Code/Golang/blog-service/main.go: 29 main.init.0"],"level":"info","message":"eddycjy: go-programming-tour-book/blog-service","time":1672111939612976900}
2022/12/27 11:32:49 {"callers":["C:/Users/jack_chung/Code/Golang/blog-service/main.go: 29 main.init.0"],"level":"error","message":"svc.UpdateTag err: ERROR: syntax error at or near \")\" (SQLSTATE 42601)","time":1672111969142298100}
2022/12/27 11:35:47 {"callers":["C:/Users/jack_chung/Code/Golang/blog-service/main.go: 29 main.init.0"],"level":"info","message":"eddycjy: go-programming-tour-book/blog-service","time":1672112147459881300}
2022/12/27 11:36:34 {"callers":["C:/Users/jack_chung/Code/Golang/blog-service/main.go: 29 main.init.0"],"level":"info","message":"eddycjy: go-programming-tour-book/blog-service","time":1672112194942882500}
2022/12/27 13:23:46 {"callers":["C:/Users/jack_chung/Code/Golang/blog-service/main.go: 29 main.init.0"],"level":"info","message":"eddycjy: go-programming-tour-book/blog-service","time":1672118626546282400}
2022/12/27 13:27:25 {"callers":["C:/Users/jack_chung/Code/Golang/blog-service/main.go: 29 main.init.0"],"level":"info","message":"eddycjy: go-programming-tour-book/blog-service","time":1672118845829030200}
2022/12/27 13:57:18 {"callers":["C:/Users/jack_chung/Code/Golang/blog-service/main.go: 29 main.init.0"],"level":"info","message":"eddycjy: go-programming-tour-book/blog-service","time":1672120638026374600}
2022/12/27 13:58:21 {"callers":["C:/Users/jack_chung/Code/Golang/blog-service/main.go: 29 main.init.0"],"level":"info","message":"eddycjy: go-programming-tour-book/blog-service","time":1672120701904966300}
2022/12/27 13:58:42 {"callers":["C:/Users/jack_chung/Code/Golang/blog-service/main.go: 29 main.init.0"],"level":"error","message":"svc.DeleteTag err: expected 4 arguments, got 8","time":1672120722145923800}
2022/12/27 14:04:51 {"callers":["C:/Users/jack_chung/Code/Golang/blog-service/main.go: 29 main.init.0"],"level":"info","message":"eddycjy: go-programming-tour-book/blog-service","time":1672121091329587400}
2022/12/27 16:08:29 {"callers":["C:/Users/jack_chung/Code/Golang/blog-service/main.go: 29 main.init.0"],"level":"info","message":"eddycjy: go-programming-tour-book/blog-service","time":1672128509530883700}
2022/12/27 16:29:29 {"callers":["C:/Users/jack_chung/Code/Golang/blog-service/main.go: 29 main.init.0"],"level":"info","message":"eddycjy: go-programming-tour-book/blog-service","time":1672129769902420900}
2022/12/27 16:36:06 {"callers":["C:/Users/jack_chung/Code/Golang/blog-service/main.go: 29 main.init.0"],"level":"info","message":"eddycjy: go-programming-tour-book/blog-service","time":1672130166095167800}
